SF:lib\features\repos\data\local\commit_dao.dart
DA:5,1
DA:6,2
DA:7,1
DA:9,2
DA:10,2
DA:16,1
DA:19,1
DA:20,2
DA:21,1
DA:24,1
DA:27,4
LF:11
LH:11
end_of_record
SF:lib\features\repos\data\local\repo_db.dart
DA:8,6
DA:11,2
DA:13,2
DA:14,4
DA:15,4
DA:16,2
DA:19,2
DA:20,4
DA:21,2
DA:24,0
DA:25,0
DA:26,0
LF:12
LH:9
end_of_record
SF:lib\features\repos\data\local\commit_table.dart
DA:8,0
LF:1
LH:0
end_of_record
SF:lib\features\repos\data\local\repo_table.dart
DA:10,0
LF:1
LH:0
end_of_record
SF:lib\features\repos\data\local\repo_dao.dart
DA:7,1
DA:8,2
DA:9,1
DA:11,2
DA:12,1
DA:19,1
DA:22,1
DA:23,2
DA:24,1
DA:27,1
DA:28,2
DA:29,1
LF:12
LH:12
end_of_record
SF:lib\features\repos\data\repository\github_repository_impl.dart
DA:14,1
DA:16,1
DA:18,2
DA:19,1
DA:21,1
DA:22,2
DA:23,1
DA:24,1
DA:25,1
DA:26,1
DA:29,1
DA:32,2
DA:34,1
DA:35,1
DA:36,0
DA:37,0
DA:38,0
DA:41,0
DA:42,0
DA:43,0
DA:44,0
DA:47,1
DA:50,2
DA:52,1
DA:53,0
DA:54,0
DA:55,0
DA:56,0
DA:57,0
DA:60,1
DA:66,0
DA:67,0
DA:69,0
DA:70,0
DA:71,0
DA:72,0
DA:73,0
DA:76,0
DA:77,0
DA:78,0
DA:79,0
DA:82,0
DA:85,0
DA:87,0
DA:89,0
DA:90,0
DA:91,0
DA:92,0
DA:93,0
DA:94,0
DA:97,0
DA:103,1
DA:105,2
DA:107,1
DA:110,0
DA:111,0
DA:112,0
LF:57
LH:21
end_of_record
SF:lib\features\repos\domain\entity\repo_entity.dart
DA:9,3
LF:1
LH:1
end_of_record
SF:lib\features\repos\data\datasource\github_api.dart
DA:8,0
DA:10,0
DA:11,0
DA:13,0
DA:16,0
DA:17,0
DA:18,0
DA:21,0
LF:8
LH:0
end_of_record
SF:lib\core\network\api_client.dart
DA:6,0
DA:7,0
DA:8,0
DA:12,0
LF:4
LH:0
end_of_record
SF:lib\core\utils\image_cache_helper.dart
DA:7,0
DA:9,0
DA:10,0
DA:12,0
DA:14,0
DA:18,0
LF:6
LH:0
end_of_record
SF:lib\features\repos\data\models\commit_model.dart
DA:4,0
DA:6,0
DA:7,0
LF:3
LH:0
end_of_record
SF:lib\features\repos\data\models\repo_model.dart
DA:6,0
DA:12,0
DA:13,0
DA:14,0
DA:15,0
DA:16,0
DA:24,0
DA:26,0
DA:27,0
LF:9
LH:0
end_of_record
SF:lib\features\repos\domain\usecase\get_commits_usecase.dart
DA:6,1
DA:8,1
DA:9,2
LF:3
LH:3
end_of_record
SF:lib\features\repos\domain\usecase\get_repos_usecase.dart
DA:8,1
DA:10,1
DA:11,2
DA:14,0
DA:15,0
LF:5
LH:3
end_of_record
SF:lib\features\repos\presentation\bloc\repo_bloc.dart
DA:13,1
DA:14,2
DA:15,2
DA:16,2
DA:19,1
DA:21,2
DA:23,1
DA:24,2
DA:28,2
DA:29,2
DA:31,1
DA:32,2
DA:36,0
DA:40,0
DA:41,0
DA:42,0
DA:43,0
DA:44,0
DA:46,0
DA:48,0
DA:49,0
DA:51,0
DA:53,0
DA:54,0
DA:56,0
LF:25
LH:12
end_of_record
SF:lib\features\repos\presentation\bloc\repo_event.dart
DA:9,0
LF:1
LH:0
end_of_record
SF:lib\features\repos\presentation\bloc\repo_state.dart
DA:10,1
LF:1
LH:1
end_of_record
