SF:lib\features\repos\domain\entity\repo_entity.dart
DA:11,1
DA:20,1
DA:21,5
LF:3
LH:3
end_of_record
SF:lib\features\repos\domain\usecase\get_commits_usecase.dart
DA:6,0
DA:8,0
DA:9,0
LF:3
LH:0
end_of_record
SF:lib\features\repos\domain\usecase\get_repos_usecase.dart
DA:8,0
DA:10,0
DA:11,0
DA:14,0
DA:15,0
LF:5
LH:0
end_of_record
SF:lib\features\repos\presentation\bloc\repo_bloc.dart
DA:13,1
DA:16,2
DA:17,2
DA:18,2
DA:21,1
DA:24,2
DA:26,1
DA:27,2
DA:31,2
DA:32,2
DA:34,1
DA:35,2
DA:39,0
DA:44,0
DA:46,0
DA:47,0
DA:48,0
DA:49,0
DA:51,0
DA:53,0
DA:54,0
DA:57,0
DA:59,0
DA:60,0
DA:62,0
LF:25
LH:12
end_of_record
SF:lib\features\repos\presentation\bloc\repo_event.dart
DA:9,0
LF:1
LH:0
end_of_record
SF:lib\features\repos\presentation\bloc\repo_state.dart
DA:6,1
DA:8,0
DA:9,0
DA:16,1
DA:18,1
DA:19,2
DA:23,1
DA:25,1
DA:26,1
LF:9
LH:7
end_of_record
SF:lib\core\network\api_client.dart
DA:6,0
DA:7,0
DA:8,0
DA:12,0
DA:18,0
DA:19,0
LF:6
LH:0
end_of_record
SF:lib\core\utils\image_cache_helper.dart
DA:6,0
DA:8,0
DA:9,0
DA:11,0
DA:13,0
DA:14,0
DA:18,0
DA:19,0
DA:21,0
DA:24,0
LF:10
LH:0
end_of_record
SF:lib\features\repos\data\datasource\github_api.dart
DA:9,0
DA:11,0
DA:13,0
DA:15,0
DA:16,0
DA:17,0
DA:20,0
DA:21,0
DA:22,0
DA:25,0
DA:26,0
DA:27,0
LF:12
LH:0
end_of_record
SF:lib\features\repos\data\models\commit_model.dart
DA:4,0
DA:6,0
DA:7,0
DA:8,0
LF:4
LH:0
end_of_record
SF:lib\features\repos\data\models\repo_model.dart
DA:6,0
DA:12,0
DA:13,0
DA:14,0
DA:15,0
DA:16,0
DA:24,0
DA:28,0
DA:29,0
DA:30,0
LF:10
LH:0
end_of_record
SF:lib\features\repos\data\local\commit_dao.dart
DA:6,0
DA:7,0
DA:8,0
DA:10,0
DA:11,0
DA:17,0
DA:20,0
DA:21,0
DA:22,0
DA:25,0
DA:28,0
LF:11
LH:0
end_of_record
SF:lib\features\repos\data\local\repo_db.dart
DA:7,0
DA:10,0
DA:12,0
DA:13,0
DA:14,0
DA:15,0
DA:18,0
DA:19,0
DA:20,0
DA:23,0
DA:24,0
DA:25,0
LF:12
LH:0
end_of_record
SF:lib\features\repos\data\local\commit_table.dart
DA:8,0
LF:1
LH:0
end_of_record
SF:lib\features\repos\data\local\repo_dao.dart
DA:7,0
DA:8,0
DA:9,0
DA:11,0
DA:12,0
DA:19,0
DA:22,0
DA:23,0
DA:24,0
DA:27,0
DA:28,0
DA:29,0
LF:12
LH:0
end_of_record
SF:lib\features\repos\data\local\repo_table.dart
DA:10,0
LF:1
LH:0
end_of_record
SF:lib\features\repos\data\repository\github_repository_impl.dart
DA:16,0
DA:18,0
DA:21,0
DA:22,0
DA:23,0
DA:24,0
DA:25,0
DA:26,0
DA:27,0
DA:28,0
DA:31,0
DA:33,0
DA:35,0
DA:36,0
DA:37,0
DA:40,0
DA:41,0
DA:42,0
DA:43,0
DA:46,0
DA:49,0
DA:50,0
DA:51,0
DA:52,0
DA:53,0
DA:54,0
DA:59,0
DA:60,0
DA:62,0
DA:64,0
DA:65,0
DA:66,0
DA:69,0
DA:70,0
DA:71,0
DA:72,0
DA:75,0
DA:77,0
DA:79,0
DA:80,0
DA:81,0
DA:82,0
DA:83,0
DA:84,0
DA:89,0
DA:91,0
DA:93,0
DA:96,0
DA:97,0
DA:98,0
LF:50
LH:0
end_of_record
